ARM GAS  C:\Users\ADMINI~1\AppData\Local\Temp\cc119flI.s 			page 1


   1              		.cpu cortex-m3
   2              		.eabi_attribute 20, 1
   3              		.eabi_attribute 21, 1
   4              		.eabi_attribute 23, 3
   5              		.eabi_attribute 24, 1
   6              		.eabi_attribute 25, 1
   7              		.eabi_attribute 26, 1
   8              		.eabi_attribute 30, 6
   9              		.eabi_attribute 34, 1
  10              		.eabi_attribute 18, 4
  11              		.file	"global.c"
  12              		.text
  13              	.Ltext0:
  14              		.cfi_sections	.debug_frame
  15              		.global	counter1
  16              		.section	.bss.counter1,"aw",%nobits
  17              		.align	2
  20              	counter1:
  21 0000 00000000 		.space	4
  22              		.global	counter2
  23              		.section	.bss.counter2,"aw",%nobits
  24              		.align	2
  27              	counter2:
  28 0000 00000000 		.space	4
  29              		.global	red_duration
  30              		.section	.bss.red_duration,"aw",%nobits
  31              		.align	2
  34              	red_duration:
  35 0000 00000000 		.space	4
  36              		.global	green_duration
  37              		.section	.bss.green_duration,"aw",%nobits
  38              		.align	2
  41              	green_duration:
  42 0000 00000000 		.space	4
  43              		.global	yellow_duration
  44              		.section	.bss.yellow_duration,"aw",%nobits
  45              		.align	2
  48              	yellow_duration:
  49 0000 00000000 		.space	4
  50              		.global	state
  51              		.section	.bss.state,"aw",%nobits
  52              		.align	2
  55              	state:
  56 0000 00000000 		.space	4
  57              		.global	manual_state
  58              		.section	.data.manual_state,"aw"
  59              		.align	2
  62              	manual_state:
  63 0000 01000000 		.word	1
  64              		.global	pedes_state
  65              		.section	.data.pedes_state,"aw"
  66              		.align	2
  69              	pedes_state:
  70 0000 0A000000 		.word	10
  71              		.text
  72              	.Letext0:
  73              		.file 1 "c:\\st\\stm32cubeide_1.7.0\\stm32cubeide\\plugins\\com.st.stm32cube.ide.mcu.externaltools
ARM GAS  C:\Users\ADMINI~1\AppData\Local\Temp\cc119flI.s 			page 2


  74              		.file 2 "c:\\st\\stm32cubeide_1.7.0\\stm32cubeide\\plugins\\com.st.stm32cube.ide.mcu.externaltools
  75              		.file 3 "Drivers/CMSIS/Include/core_cm3.h"
  76              		.file 4 "Drivers/CMSIS/Device/ST/STM32F1xx/Include/system_stm32f1xx.h"
  77              		.file 5 "Drivers/CMSIS/Device/ST/STM32F1xx/Include/stm32f103xb.h"
  78              		.file 6 "Drivers/STM32F1xx_HAL_Driver/Inc/stm32f1xx_hal_def.h"
  79              		.file 7 "Drivers/STM32F1xx_HAL_Driver/Inc/stm32f1xx_hal_dma.h"
  80              		.file 8 "Drivers/STM32F1xx_HAL_Driver/Inc/stm32f1xx_hal_uart.h"
  81              		.file 9 "Drivers/STM32F1xx_HAL_Driver/Inc/stm32f1xx_hal.h"
  82              		.file 10 "Core/Inc/global.h"
  83              		.file 11 "./Core/Src/global.c"
ARM GAS  C:\Users\ADMINI~1\AppData\Local\Temp\cc119flI.s 			page 3


DEFINED SYMBOLS
                            *ABS*:0000000000000000 global.c
C:\Users\ADMINI~1\AppData\Local\Temp\cc119flI.s:20     .bss.counter1:0000000000000000 counter1
C:\Users\ADMINI~1\AppData\Local\Temp\cc119flI.s:17     .bss.counter1:0000000000000000 $d
C:\Users\ADMINI~1\AppData\Local\Temp\cc119flI.s:27     .bss.counter2:0000000000000000 counter2
C:\Users\ADMINI~1\AppData\Local\Temp\cc119flI.s:24     .bss.counter2:0000000000000000 $d
C:\Users\ADMINI~1\AppData\Local\Temp\cc119flI.s:34     .bss.red_duration:0000000000000000 red_duration
C:\Users\ADMINI~1\AppData\Local\Temp\cc119flI.s:31     .bss.red_duration:0000000000000000 $d
C:\Users\ADMINI~1\AppData\Local\Temp\cc119flI.s:41     .bss.green_duration:0000000000000000 green_duration
C:\Users\ADMINI~1\AppData\Local\Temp\cc119flI.s:38     .bss.green_duration:0000000000000000 $d
C:\Users\ADMINI~1\AppData\Local\Temp\cc119flI.s:48     .bss.yellow_duration:0000000000000000 yellow_duration
C:\Users\ADMINI~1\AppData\Local\Temp\cc119flI.s:45     .bss.yellow_duration:0000000000000000 $d
C:\Users\ADMINI~1\AppData\Local\Temp\cc119flI.s:55     .bss.state:0000000000000000 state
C:\Users\ADMINI~1\AppData\Local\Temp\cc119flI.s:52     .bss.state:0000000000000000 $d
C:\Users\ADMINI~1\AppData\Local\Temp\cc119flI.s:62     .data.manual_state:0000000000000000 manual_state
C:\Users\ADMINI~1\AppData\Local\Temp\cc119flI.s:59     .data.manual_state:0000000000000000 $d
C:\Users\ADMINI~1\AppData\Local\Temp\cc119flI.s:69     .data.pedes_state:0000000000000000 pedes_state
C:\Users\ADMINI~1\AppData\Local\Temp\cc119flI.s:66     .data.pedes_state:0000000000000000 $d
                           .group:0000000000000000 wm4.0.e890922d021f7fff2fbf219cb2b38f03
                           .group:0000000000000000 wm4.stm32f1xx_hal_conf.h.21.98635006afa9a018cfa5e0632ed4968b
                           .group:0000000000000000 wm4.stm32f1xx.h.39.208bb8a61c892b7c37d899c49a031330
                           .group:0000000000000000 wm4.stm32f103xb.h.38.ec967d5ad9d3269cb0788eebda048e38
                           .group:0000000000000000 wm4._newlib_version.h.4.1ef4e12f167f8b69d7c30054be56050d
                           .group:0000000000000000 wm4.features.h.33.318b64d71e0957639cfb30f1db1f7ec8
                           .group:0000000000000000 wm4._default_types.h.15.247e5cd201eca3442cbf5404108c4935
                           .group:0000000000000000 wm4._intsup.h.10.48bafbb683905c4daa4565a85aeeb264
                           .group:0000000000000000 wm4._stdint.h.10.c24fa3af3bc1706662bb5593a907e841
                           .group:0000000000000000 wm4.stdint.h.23.d53047a68f4a85177f80b422d52785ed
                           .group:0000000000000000 wm4.cmsis_version.h.32.4d5822004c01a829a975260e854b5f8e
                           .group:0000000000000000 wm4.core_cm3.h.66.fc46cac19810db8f98d67da7ef88f42c
                           .group:0000000000000000 wm4.cmsis_gcc.h.26.225e4f5469716fdeef823d1102f5b23e
                           .group:0000000000000000 wm4.core_cm3.h.127.f4474120f1a7524deb56f9d74ff175da
                           .group:0000000000000000 wm4.stm32f103xb.h.573.10249aa7473ca93be896fed94046a725
                           .group:0000000000000000 wm4.stm32f1xx.h.162.96b09079a093c34dbd7f0b85cbd0ddee
                           .group:0000000000000000 wm4.stm32_hal_legacy.h.23.91ba5b544a4c2be2620a1e7ff0049e10
                           .group:0000000000000000 wm4.stddef.h.39.144cf5ddcd53cbfdac30259dc1a6c87f
                           .group:0000000000000000 wm4.stm32f1xx_hal_def.h.57.18d01ce1aa74e9fb44dbf16f821a574a
                           .group:0000000000000000 wm4.stm32f1xx_hal_rcc.h.95.21591bbc513aaa813c0b8640c3b32517
                           .group:0000000000000000 wm4.stm32f1xx_hal_rcc_ex.h.22.8763f99bc1e3e2dcf0febe9161d81b37
                           .group:0000000000000000 wm4.stm32f1xx_hal_rcc.h.1202.f8e5f9e0cf4eef7840facf5396029056
                           .group:0000000000000000 wm4.stm32f1xx_hal_gpio.h.22.fa638d688dcc57ca806fe6a7831b0d04
                           .group:0000000000000000 wm4.stm32f1xx_hal_gpio_ex.h.22.51a50ef3512cd78017ce666a32d364bf
                           .group:0000000000000000 wm4.stm32f1xx_hal_gpio.h.263.f5ebf2f545ade59412ab9261c8e35dc4
                           .group:0000000000000000 wm4.stm32f1xx_hal_exti.h.22.e26491d042c8079c3ca67eca341af862
                           .group:0000000000000000 wm4.stm32f1xx_hal_dma.h.22.3c14338534886827bf3aeaa2a7f412a1
                           .group:0000000000000000 wm4.stm32f1xx_hal_dma_ex.h.22.001ac4d7f81ccbdcae49bd65c13858c8
                           .group:0000000000000000 wm4.stm32f1xx_hal_dma.h.409.cafcd2cfe701091535636be537c18293
                           .group:0000000000000000 wm4.stm32f1xx_hal_cortex.h.22.b5f4174bb6a50d95405567b8f50e0900
                           .group:0000000000000000 wm4.stm32f1xx_hal_flash.h.22.5cea9a7210e6315b41724b47b5fdf203
                           .group:0000000000000000 wm4.stm32f1xx_hal_flash_ex.h.22.d4e19c21f2a86fa2f8ec2c2d5f1ab2af
                           .group:0000000000000000 wm4.stm32f1xx_hal_pwr.h.22.3438c476faafc3240bf146f143df3fcd
                           .group:0000000000000000 wm4.stm32f1xx_hal_tim.h.22.a16e206564e97dbace9faae59a0d6008
                           .group:0000000000000000 wm4.stm32f1xx_hal_uart.h.22.5f7992e497faa36aa98f09f7214f4dbb
                           .group:0000000000000000 wm4.stm32f1xx_hal.h.88.91065c0692bed6019c34f1e9c00589fd
                           .group:0000000000000000 wm4.main.h.63.9319a86a6f0d78cb5bb2f8204a330e54
                           .group:0000000000000000 wm4.global.h.14.067c4405627241605fc2a2869313e01e

ARM GAS  C:\Users\ADMINI~1\AppData\Local\Temp\cc119flI.s 			page 4


NO UNDEFINED SYMBOLS
