ARM GAS  C:\Users\ADMINI~1\AppData\Local\Temp\cciiEajk.s 			page 1


   1              		.cpu cortex-m3
   2              		.eabi_attribute 20, 1
   3              		.eabi_attribute 21, 1
   4              		.eabi_attribute 23, 3
   5              		.eabi_attribute 24, 1
   6              		.eabi_attribute 25, 1
   7              		.eabi_attribute 26, 1
   8              		.eabi_attribute 30, 6
   9              		.eabi_attribute 34, 1
  10              		.eabi_attribute 18, 4
  11              		.file	"manual_fsm.c"
  12              		.text
  13              	.Ltext0:
  14              		.cfi_sections	.debug_frame
  15              		.section	.rodata
  16              		.align	2
  17              	.LC0:
  18 0000 6175746F 		.ascii	"auto_red=%d\015\012\000"
  18      5F726564 
  18      3D25640D 
  18      0A00
  19              		.section	.text.manual_fsm,"ax",%progbits
  20              		.align	1
  21              		.global	manual_fsm
  22              		.arch armv7-m
  23              		.syntax unified
  24              		.thumb
  25              		.thumb_func
  26              		.fpu softvfp
  28              	manual_fsm:
  29              	.LFB68:
  30              		.file 1 "./Core/Src/manual_fsm.c"
   1:./Core/Src/manual_fsm.c **** /*
   2:./Core/Src/manual_fsm.c ****  * manual_fsm.c
   3:./Core/Src/manual_fsm.c ****  *
   4:./Core/Src/manual_fsm.c ****  *  Created on: 13 thg 12, 2022
   5:./Core/Src/manual_fsm.c ****  *      Author: Administrator
   6:./Core/Src/manual_fsm.c ****  */
   7:./Core/Src/manual_fsm.c **** 
   8:./Core/Src/manual_fsm.c **** 
   9:./Core/Src/manual_fsm.c **** #include "manual_fsm.h"
  10:./Core/Src/manual_fsm.c **** #include "global.h"
  11:./Core/Src/manual_fsm.c **** #include "hardware_layer.h"
  12:./Core/Src/manual_fsm.c **** #include "input_reading.h"
  13:./Core/Src/manual_fsm.c **** #include "software_timer.h"
  14:./Core/Src/manual_fsm.c **** #include "stdio.h"
  15:./Core/Src/manual_fsm.c **** #include "main.h"
  16:./Core/Src/manual_fsm.c **** #include "stdint.h"
  17:./Core/Src/manual_fsm.c **** 
  18:./Core/Src/manual_fsm.c **** 
  19:./Core/Src/manual_fsm.c **** void manual_fsm() {
  31              		.loc 1 19 19
  32              		.cfi_startproc
  33              		@ args = 0, pretend = 0, frame = 0
  34              		@ frame_needed = 1, uses_anonymous_args = 0
  35 0000 80B5     		push	{r7, lr}
  36              		.cfi_def_cfa_offset 8
ARM GAS  C:\Users\ADMINI~1\AppData\Local\Temp\cciiEajk.s 			page 2


  37              		.cfi_offset 7, -8
  38              		.cfi_offset 14, -4
  39 0002 00AF     		add	r7, sp, #0
  40              		.cfi_def_cfa_register 7
  20:./Core/Src/manual_fsm.c **** 	switch(state){
  41              		.loc 1 20 2
  42 0004 204B     		ldr	r3, .L8
  43 0006 1B68     		ldr	r3, [r3]
  44 0008 072B     		cmp	r3, #7
  45 000a 3AD1     		bne	.L7
  21:./Core/Src/manual_fsm.c **** 	case MANUAL:
  22:./Core/Src/manual_fsm.c **** 			//reset flag for setting reset button
  23:./Core/Src/manual_fsm.c **** 			is_button_pressed(SETTING_IDX);
  46              		.loc 1 23 4
  47 000c 0120     		movs	r0, #1
  48 000e FFF7FEFF 		bl	is_button_pressed
  24:./Core/Src/manual_fsm.c **** 			set_color_light1(manual_state);
  49              		.loc 1 24 4
  50 0012 1E4B     		ldr	r3, .L8+4
  51 0014 1B68     		ldr	r3, [r3]
  52 0016 1846     		mov	r0, r3
  53 0018 FFF7FEFF 		bl	set_color_light1
  25:./Core/Src/manual_fsm.c **** 			if (is_button_pressed(MANUAL_IDX)) manual_state++;
  54              		.loc 1 25 8
  55 001c 0220     		movs	r0, #2
  56 001e FFF7FEFF 		bl	is_button_pressed
  57 0022 0346     		mov	r3, r0
  58              		.loc 1 25 7
  59 0024 002B     		cmp	r3, #0
  60 0026 04D0     		beq	.L3
  61              		.loc 1 25 51 discriminator 1
  62 0028 184B     		ldr	r3, .L8+4
  63 002a 1B68     		ldr	r3, [r3]
  64 002c 0133     		adds	r3, r3, #1
  65 002e 174A     		ldr	r2, .L8+4
  66 0030 1360     		str	r3, [r2]
  67              	.L3:
  26:./Core/Src/manual_fsm.c **** 			if (manual_state>3) manual_state=1;
  68              		.loc 1 26 20
  69 0032 164B     		ldr	r3, .L8+4
  70 0034 1B68     		ldr	r3, [r3]
  71              		.loc 1 26 7
  72 0036 032B     		cmp	r3, #3
  73 0038 03DD     		ble	.L4
  74              		.loc 1 26 36 discriminator 1
  75 003a 144B     		ldr	r3, .L8+4
  76 003c 0122     		movs	r2, #1
  77 003e 1A60     		str	r2, [r3]
  78 0040 1BE0     		b	.L5
  79              	.L4:
  27:./Core/Src/manual_fsm.c **** 			else if (is_button_pressed(STATE_IDX)){
  80              		.loc 1 27 13
  81 0042 0020     		movs	r0, #0
  82 0044 FFF7FEFF 		bl	is_button_pressed
  83 0048 0346     		mov	r3, r0
  84              		.loc 1 27 12
  85 004a 002B     		cmp	r3, #0
ARM GAS  C:\Users\ADMINI~1\AppData\Local\Temp\cciiEajk.s 			page 3


  86 004c 15D0     		beq	.L5
  28:./Core/Src/manual_fsm.c **** 				HAL_UART_Transmit(&huart2 ,(void*)str,sprintf(str,"auto_red=%d\r\n",
  87              		.loc 1 28 43
  88 004e 104B     		ldr	r3, .L8+8
  89 0050 1B68     		ldr	r3, [r3]
  90 0052 1A46     		mov	r2, r3
  91 0054 0F49     		ldr	r1, .L8+12
  92 0056 1048     		ldr	r0, .L8+16
  93 0058 FFF7FEFF 		bl	sprintf
  94 005c 0346     		mov	r3, r0
  95              		.loc 1 28 5
  96 005e 9AB2     		uxth	r2, r3
  97 0060 4FF47A73 		mov	r3, #1000
  98 0064 0C49     		ldr	r1, .L8+16
  99 0066 0D48     		ldr	r0, .L8+20
 100 0068 FFF7FEFF 		bl	HAL_UART_Transmit
  29:./Core/Src/manual_fsm.c **** 											red_duration),1000) ;
  30:./Core/Src/manual_fsm.c **** 				counter1=red_duration;
 101              		.loc 1 30 13
 102 006c 084B     		ldr	r3, .L8+8
 103 006e 1B68     		ldr	r3, [r3]
 104 0070 0B4A     		ldr	r2, .L8+24
 105 0072 1360     		str	r3, [r2]
  31:./Core/Src/manual_fsm.c **** 				state=AUTO_RED;
 106              		.loc 1 31 10
 107 0074 044B     		ldr	r3, .L8
 108 0076 0122     		movs	r2, #1
 109 0078 1A60     		str	r2, [r3]
 110              	.L5:
  32:./Core/Src/manual_fsm.c **** 			}
  33:./Core/Src/manual_fsm.c **** 			is_button_pressed(SETTING_IDX);
 111              		.loc 1 33 4
 112 007a 0120     		movs	r0, #1
 113 007c FFF7FEFF 		bl	is_button_pressed
  34:./Core/Src/manual_fsm.c **** 
  35:./Core/Src/manual_fsm.c **** 			break;
 114              		.loc 1 35 4
 115 0080 00E0     		b	.L6
 116              	.L7:
  36:./Core/Src/manual_fsm.c **** 		default:
  37:./Core/Src/manual_fsm.c **** 			break;
 117              		.loc 1 37 4
 118 0082 00BF     		nop
 119              	.L6:
  38:./Core/Src/manual_fsm.c **** 	}
  39:./Core/Src/manual_fsm.c **** }
 120              		.loc 1 39 1
 121 0084 00BF     		nop
 122 0086 80BD     		pop	{r7, pc}
 123              	.L9:
 124              		.align	2
 125              	.L8:
 126 0088 00000000 		.word	state
 127 008c 00000000 		.word	manual_state
 128 0090 00000000 		.word	red_duration
 129 0094 00000000 		.word	.LC0
 130 0098 00000000 		.word	str
ARM GAS  C:\Users\ADMINI~1\AppData\Local\Temp\cciiEajk.s 			page 4


 131 009c 00000000 		.word	huart2
 132 00a0 00000000 		.word	counter1
 133              		.cfi_endproc
 134              	.LFE68:
 136              		.text
 137              	.Letext0:
 138              		.file 2 "c:\\st\\stm32cubeide_1.7.0\\stm32cubeide\\plugins\\com.st.stm32cube.ide.mcu.externaltools
 139              		.file 3 "c:\\st\\stm32cubeide_1.7.0\\stm32cubeide\\plugins\\com.st.stm32cube.ide.mcu.externaltools
 140              		.file 4 "Drivers/CMSIS/Include/core_cm3.h"
 141              		.file 5 "Drivers/CMSIS/Device/ST/STM32F1xx/Include/system_stm32f1xx.h"
 142              		.file 6 "Drivers/CMSIS/Device/ST/STM32F1xx/Include/stm32f103xb.h"
 143              		.file 7 "Drivers/STM32F1xx_HAL_Driver/Inc/stm32f1xx_hal_def.h"
 144              		.file 8 "Drivers/STM32F1xx_HAL_Driver/Inc/stm32f1xx_hal_dma.h"
 145              		.file 9 "Drivers/STM32F1xx_HAL_Driver/Inc/stm32f1xx_hal_uart.h"
 146              		.file 10 "Drivers/STM32F1xx_HAL_Driver/Inc/stm32f1xx_hal.h"
 147              		.file 11 "Core/Inc/global.h"
 148              		.file 12 "Core/Inc/input_reading.h"
 149              		.file 13 "Core/Inc/software_timer.h"
 150              		.file 14 "c:\\st\\stm32cubeide_1.7.0\\stm32cubeide\\plugins\\com.st.stm32cube.ide.mcu.externaltool
 151              		.file 15 "c:\\st\\stm32cubeide_1.7.0\\stm32cubeide\\plugins\\com.st.stm32cube.ide.mcu.externaltool
 152              		.file 16 "c:\\st\\stm32cubeide_1.7.0\\stm32cubeide\\plugins\\com.st.stm32cube.ide.mcu.externaltool
 153              		.file 17 "c:\\st\\stm32cubeide_1.7.0\\stm32cubeide\\plugins\\com.st.stm32cube.ide.mcu.externaltool
ARM GAS  C:\Users\ADMINI~1\AppData\Local\Temp\cciiEajk.s 			page 5


DEFINED SYMBOLS
                            *ABS*:0000000000000000 manual_fsm.c
C:\Users\ADMINI~1\AppData\Local\Temp\cciiEajk.s:16     .rodata:0000000000000000 $d
C:\Users\ADMINI~1\AppData\Local\Temp\cciiEajk.s:20     .text.manual_fsm:0000000000000000 $t
C:\Users\ADMINI~1\AppData\Local\Temp\cciiEajk.s:28     .text.manual_fsm:0000000000000000 manual_fsm
C:\Users\ADMINI~1\AppData\Local\Temp\cciiEajk.s:126    .text.manual_fsm:0000000000000088 $d
                           .group:0000000000000000 wm4.0.e890922d021f7fff2fbf219cb2b38f03
                           .group:0000000000000000 wm4.stm32f1xx_hal_conf.h.21.98635006afa9a018cfa5e0632ed4968b
                           .group:0000000000000000 wm4.stm32f1xx.h.39.208bb8a61c892b7c37d899c49a031330
                           .group:0000000000000000 wm4.stm32f103xb.h.38.ec967d5ad9d3269cb0788eebda048e38
                           .group:0000000000000000 wm4._newlib_version.h.4.1ef4e12f167f8b69d7c30054be56050d
                           .group:0000000000000000 wm4.features.h.33.318b64d71e0957639cfb30f1db1f7ec8
                           .group:0000000000000000 wm4._default_types.h.15.247e5cd201eca3442cbf5404108c4935
                           .group:0000000000000000 wm4._intsup.h.10.48bafbb683905c4daa4565a85aeeb264
                           .group:0000000000000000 wm4._stdint.h.10.c24fa3af3bc1706662bb5593a907e841
                           .group:0000000000000000 wm4.stdint.h.23.d53047a68f4a85177f80b422d52785ed
                           .group:0000000000000000 wm4.cmsis_version.h.32.4d5822004c01a829a975260e854b5f8e
                           .group:0000000000000000 wm4.core_cm3.h.66.fc46cac19810db8f98d67da7ef88f42c
                           .group:0000000000000000 wm4.cmsis_gcc.h.26.225e4f5469716fdeef823d1102f5b23e
                           .group:0000000000000000 wm4.core_cm3.h.127.f4474120f1a7524deb56f9d74ff175da
                           .group:0000000000000000 wm4.stm32f103xb.h.573.10249aa7473ca93be896fed94046a725
                           .group:0000000000000000 wm4.stm32f1xx.h.162.96b09079a093c34dbd7f0b85cbd0ddee
                           .group:0000000000000000 wm4.stm32_hal_legacy.h.23.91ba5b544a4c2be2620a1e7ff0049e10
                           .group:0000000000000000 wm4.stddef.h.39.144cf5ddcd53cbfdac30259dc1a6c87f
                           .group:0000000000000000 wm4.stm32f1xx_hal_def.h.57.18d01ce1aa74e9fb44dbf16f821a574a
                           .group:0000000000000000 wm4.stm32f1xx_hal_rcc.h.95.21591bbc513aaa813c0b8640c3b32517
                           .group:0000000000000000 wm4.stm32f1xx_hal_rcc_ex.h.22.8763f99bc1e3e2dcf0febe9161d81b37
                           .group:0000000000000000 wm4.stm32f1xx_hal_rcc.h.1202.f8e5f9e0cf4eef7840facf5396029056
                           .group:0000000000000000 wm4.stm32f1xx_hal_gpio.h.22.fa638d688dcc57ca806fe6a7831b0d04
                           .group:0000000000000000 wm4.stm32f1xx_hal_gpio_ex.h.22.51a50ef3512cd78017ce666a32d364bf
                           .group:0000000000000000 wm4.stm32f1xx_hal_gpio.h.263.f5ebf2f545ade59412ab9261c8e35dc4
                           .group:0000000000000000 wm4.stm32f1xx_hal_exti.h.22.e26491d042c8079c3ca67eca341af862
                           .group:0000000000000000 wm4.stm32f1xx_hal_dma.h.22.3c14338534886827bf3aeaa2a7f412a1
                           .group:0000000000000000 wm4.stm32f1xx_hal_dma_ex.h.22.001ac4d7f81ccbdcae49bd65c13858c8
                           .group:0000000000000000 wm4.stm32f1xx_hal_dma.h.409.cafcd2cfe701091535636be537c18293
                           .group:0000000000000000 wm4.stm32f1xx_hal_cortex.h.22.b5f4174bb6a50d95405567b8f50e0900
                           .group:0000000000000000 wm4.stm32f1xx_hal_flash.h.22.5cea9a7210e6315b41724b47b5fdf203
                           .group:0000000000000000 wm4.stm32f1xx_hal_flash_ex.h.22.d4e19c21f2a86fa2f8ec2c2d5f1ab2af
                           .group:0000000000000000 wm4.stm32f1xx_hal_pwr.h.22.3438c476faafc3240bf146f143df3fcd
                           .group:0000000000000000 wm4.stm32f1xx_hal_tim.h.22.a16e206564e97dbace9faae59a0d6008
                           .group:0000000000000000 wm4.stm32f1xx_hal_uart.h.22.5f7992e497faa36aa98f09f7214f4dbb
                           .group:0000000000000000 wm4.stm32f1xx_hal.h.88.91065c0692bed6019c34f1e9c00589fd
                           .group:0000000000000000 wm4.main.h.63.9319a86a6f0d78cb5bb2f8204a330e54
                           .group:0000000000000000 wm4.global.h.14.067c4405627241605fc2a2869313e01e
                           .group:0000000000000000 wm4.hardware_layer.h.9.cb1b7531ddee951582f588d03a2c24a6
                           .group:0000000000000000 wm4.input_reading.h.9.a013ca3645af8a0d58d52489a2fa9d43
                           .group:0000000000000000 wm4.software_timer.h.9.6bf986ebefe70bdf196105c9c027c70a
                           .group:0000000000000000 wm4.newlib.h.8.7cb3972cd43265932d4782d5eb589854
                           .group:0000000000000000 wm4.ieeefp.h.77.f33a4dce62116f6f5175ff8bae57a54c
                           .group:0000000000000000 wm4.config.h.224.c701144a7b0518c6ee9b9b5465b79f81
                           .group:0000000000000000 wm4._ansi.h.31.de524f58584151836e90d8620a16f8e8
                           .group:0000000000000000 wm4.stdio.h.31.7c0e28c411445f3f9c5b11accf882760
                           .group:0000000000000000 wm4.stddef.h.155.ba788add86a0e365f264484f110c3c29
                           .group:0000000000000000 wm4.cdefs.h.49.75c8cf0da02add7669d4e6b77e254feb
                           .group:0000000000000000 wm4.stdarg.h.34.3a23a216c0c293b3d2ea2e89281481e6
                           .group:0000000000000000 wm4._types.h.20.dd0d04dca3800a0d2a6129b87f3adbb2
                           .group:0000000000000000 wm4.stddef.h.155.3588ebfdd1e8c7ede80509bb9c3b8009
ARM GAS  C:\Users\ADMINI~1\AppData\Local\Temp\cciiEajk.s 			page 6


                           .group:0000000000000000 wm4._types.h.127.34941de1b2539d59d5cac00e0dd27a45
                           .group:0000000000000000 wm4.reent.h.17.e292bf8b0bec6c96e131a54347145a30
                           .group:0000000000000000 wm4.lock.h.2.1461d1fff82dffe8bfddc23307f6484f
                           .group:0000000000000000 wm4.reent.h.77.dcd6129ff07fe81bd5636db29abe53b2
                           .group:0000000000000000 wm4.types.h.40.8b6acba56cefbb11746718204edc8f5e
                           .group:0000000000000000 wm4._endian.h.31.65a10590763c3dde1ac4a7f66d7d4891
                           .group:0000000000000000 wm4.endian.h.9.49f3a4695c1b61e8a0808de3c4a106cb
                           .group:0000000000000000 wm4._timeval.h.32.bec3221fa7a9bb0bdde696c9c57e47d2
                           .group:0000000000000000 wm4.timespec.h.41.d855182eb0e690443ab8651bcedca6e1
                           .group:0000000000000000 wm4.select.h.19.97ca6fd0c752a0f3b6719fd314d361e6
                           .group:0000000000000000 wm4.types.h.51.5571ec98f267d17d3c670b7a3ba33afa
                           .group:0000000000000000 wm4.sched.h.22.c60982713a5c428609783c78f9c78d95
                           .group:0000000000000000 wm4._pthreadtypes.h.36.fcee9961c35163dde6267ef772ad1972
                           .group:0000000000000000 wm4.stdio.h.2.4aa87247282eca6c8f36f9de33d8df1a
                           .group:0000000000000000 wm4.stdio.h.81.932d0c162786b883f622b8d05c120c78

UNDEFINED SYMBOLS
is_button_pressed
set_color_light1
sprintf
HAL_UART_Transmit
state
manual_state
red_duration
str
huart2
counter1
