ARM GAS  C:\Users\ADMINI~1\AppData\Local\Temp\ccz3SDPt.s 			page 1


   1              		.cpu cortex-m3
   2              		.eabi_attribute 20, 1
   3              		.eabi_attribute 21, 1
   4              		.eabi_attribute 23, 3
   5              		.eabi_attribute 24, 1
   6              		.eabi_attribute 25, 1
   7              		.eabi_attribute 26, 1
   8              		.eabi_attribute 30, 6
   9              		.eabi_attribute 34, 1
  10              		.eabi_attribute 18, 4
  11              		.file	"pedes_fsm.c"
  12              		.text
  13              	.Ltext0:
  14              		.cfi_sections	.debug_frame
  15              		.section	.text.pedestrian_fsm,"ax",%progbits
  16              		.align	1
  17              		.global	pedestrian_fsm
  18              		.arch armv7-m
  19              		.syntax unified
  20              		.thumb
  21              		.thumb_func
  22              		.fpu softvfp
  24              	pedestrian_fsm:
  25              	.LFB68:
  26              		.file 1 "./Core/Src/pedes_fsm.c"
   1:./Core/Src/pedes_fsm.c **** /*
   2:./Core/Src/pedes_fsm.c ****  * pedes_fsm.c
   3:./Core/Src/pedes_fsm.c ****  *
   4:./Core/Src/pedes_fsm.c ****  *  Created on: 13 thg 12, 2022
   5:./Core/Src/pedes_fsm.c ****  *      Author: Quan
   6:./Core/Src/pedes_fsm.c ****  */
   7:./Core/Src/pedes_fsm.c **** 
   8:./Core/Src/pedes_fsm.c **** #include "pedes_fsm.h"
   9:./Core/Src/pedes_fsm.c **** #include "global.h"
  10:./Core/Src/pedes_fsm.c **** #include "hardware_layer.h"
  11:./Core/Src/pedes_fsm.c **** #include "input_reading.h"
  12:./Core/Src/pedes_fsm.c **** #include "software_timer.h"
  13:./Core/Src/pedes_fsm.c **** #include "stdio.h"
  14:./Core/Src/pedes_fsm.c **** #include "main.h"
  15:./Core/Src/pedes_fsm.c **** #include "stdint.h"
  16:./Core/Src/pedes_fsm.c **** 
  17:./Core/Src/pedes_fsm.c **** extern TIM_HandleTypeDef htim3;
  18:./Core/Src/pedes_fsm.c **** 
  19:./Core/Src/pedes_fsm.c **** void pedestrian_fsm(){
  27              		.loc 1 19 22
  28              		.cfi_startproc
  29              		@ args = 0, pretend = 0, frame = 0
  30              		@ frame_needed = 1, uses_anonymous_args = 0
  31 0000 80B5     		push	{r7, lr}
  32              		.cfi_def_cfa_offset 8
  33              		.cfi_offset 7, -8
  34              		.cfi_offset 14, -4
  35 0002 00AF     		add	r7, sp, #0
  36              		.cfi_def_cfa_register 7
  20:./Core/Src/pedes_fsm.c **** 	switch (pedes_state){
  37              		.loc 1 20 2
  38 0004 444B     		ldr	r3, .L22
ARM GAS  C:\Users\ADMINI~1\AppData\Local\Temp\ccz3SDPt.s 			page 2


  39 0006 1B68     		ldr	r3, [r3]
  40 0008 0C2B     		cmp	r3, #12
  41 000a 2FD0     		beq	.L2
  42 000c 0C2B     		cmp	r3, #12
  43 000e 79DC     		bgt	.L17
  44 0010 0A2B     		cmp	r3, #10
  45 0012 02D0     		beq	.L4
  46 0014 0B2B     		cmp	r3, #11
  47 0016 56D0     		beq	.L5
  21:./Core/Src/pedes_fsm.c **** 	case NONE:
  22:./Core/Src/pedes_fsm.c **** 		set_color_pedestrian_light(0);
  23:./Core/Src/pedes_fsm.c **** 		if(is_button_pressed(PEDES_IDX)){
  24:./Core/Src/pedes_fsm.c **** 			if(
  25:./Core/Src/pedes_fsm.c **** 				(state==AUTO_RED&&counter1>=3)||
  26:./Core/Src/pedes_fsm.c **** 			     state==SETTING_RED||
  27:./Core/Src/pedes_fsm.c **** 			   ((state==MANUAL)&&(manual_state==1||manual_state==3))
  28:./Core/Src/pedes_fsm.c **** 			) pedes_state = GREEN;
  29:./Core/Src/pedes_fsm.c **** 			else pedes_state=RED;
  30:./Core/Src/pedes_fsm.c **** 		}
  31:./Core/Src/pedes_fsm.c **** 		break;
  32:./Core/Src/pedes_fsm.c **** 	case GREEN:
  33:./Core/Src/pedes_fsm.c **** 		set_color_pedestrian_light(XANH);
  34:./Core/Src/pedes_fsm.c **** 		if(
  35:./Core/Src/pedes_fsm.c **** 			(state==AUTO_GREEN)||
  36:./Core/Src/pedes_fsm.c **** 			(state==SETTING_GREEN)||
  37:./Core/Src/pedes_fsm.c **** 			(state==MANUAL&&manual_state==2)
  38:./Core/Src/pedes_fsm.c **** 		) {
  39:./Core/Src/pedes_fsm.c **** 			pedes_state=NONE;
  40:./Core/Src/pedes_fsm.c **** 			__HAL_TIM_SetCompare (&htim3,TIM_CHANNEL_1, 0);
  41:./Core/Src/pedes_fsm.c **** 		}
  42:./Core/Src/pedes_fsm.c **** 		//PWM
  43:./Core/Src/pedes_fsm.c **** //		  if (timer3_flag==1){
  44:./Core/Src/pedes_fsm.c **** 			  if (pedes_state==GREEN) __HAL_TIM_SetCompare (&htim3,TIM_CHANNEL_1, 100-(counter1*100/red_dura
  45:./Core/Src/pedes_fsm.c **** //			  setTimer3(10);
  46:./Core/Src/pedes_fsm.c **** //		  }
  47:./Core/Src/pedes_fsm.c **** 		break;
  48:./Core/Src/pedes_fsm.c **** 	case RED:
  49:./Core/Src/pedes_fsm.c **** 		set_color_pedestrian_light(DO);
  50:./Core/Src/pedes_fsm.c **** 		if(
  51:./Core/Src/pedes_fsm.c **** 			(state==AUTO_RED&&counter1>=3)
  52:./Core/Src/pedes_fsm.c **** 			||state==SETTING_RED
  53:./Core/Src/pedes_fsm.c **** 			||((state==MANUAL)&&(manual_state==1||manual_state==3))
  54:./Core/Src/pedes_fsm.c **** 		) pedes_state = GREEN;
  55:./Core/Src/pedes_fsm.c **** 
  56:./Core/Src/pedes_fsm.c **** 		break;
  57:./Core/Src/pedes_fsm.c **** 	default:
  58:./Core/Src/pedes_fsm.c **** 		break;
  48              		.loc 1 58 3
  49 0018 74E0     		b	.L17
  50              	.L4:
  22:./Core/Src/pedes_fsm.c **** 		if(is_button_pressed(PEDES_IDX)){
  51              		.loc 1 22 3
  52 001a 0020     		movs	r0, #0
  53 001c FFF7FEFF 		bl	set_color_pedestrian_light
  23:./Core/Src/pedes_fsm.c **** 			if(
  54              		.loc 1 23 6
  55 0020 0320     		movs	r0, #3
ARM GAS  C:\Users\ADMINI~1\AppData\Local\Temp\ccz3SDPt.s 			page 3


  56 0022 FFF7FEFF 		bl	is_button_pressed
  57 0026 0346     		mov	r3, r0
  23:./Core/Src/pedes_fsm.c **** 			if(
  58              		.loc 1 23 5
  59 0028 002B     		cmp	r3, #0
  60 002a 6DD0     		beq	.L18
  25:./Core/Src/pedes_fsm.c **** 			     state==SETTING_RED||
  61              		.loc 1 25 11
  62 002c 3B4B     		ldr	r3, .L22+4
  63 002e 1B68     		ldr	r3, [r3]
  24:./Core/Src/pedes_fsm.c **** 				(state==AUTO_RED&&counter1>=3)||
  64              		.loc 1 24 6
  65 0030 012B     		cmp	r3, #1
  66 0032 03D1     		bne	.L7
  25:./Core/Src/pedes_fsm.c **** 			     state==SETTING_RED||
  67              		.loc 1 25 31
  68 0034 3A4B     		ldr	r3, .L22+8
  69 0036 1B68     		ldr	r3, [r3]
  25:./Core/Src/pedes_fsm.c **** 			     state==SETTING_RED||
  70              		.loc 1 25 21
  71 0038 022B     		cmp	r3, #2
  72 003a 0FDC     		bgt	.L8
  73              	.L7:
  26:./Core/Src/pedes_fsm.c **** 			   ((state==MANUAL)&&(manual_state==1||manual_state==3))
  74              		.loc 1 26 14 discriminator 1
  75 003c 374B     		ldr	r3, .L22+4
  76 003e 1B68     		ldr	r3, [r3]
  25:./Core/Src/pedes_fsm.c **** 			     state==SETTING_RED||
  77              		.loc 1 25 35 discriminator 1
  78 0040 042B     		cmp	r3, #4
  79 0042 0BD0     		beq	.L8
  27:./Core/Src/pedes_fsm.c **** 			) pedes_state = GREEN;
  80              		.loc 1 27 14
  81 0044 354B     		ldr	r3, .L22+4
  82 0046 1B68     		ldr	r3, [r3]
  26:./Core/Src/pedes_fsm.c **** 			   ((state==MANUAL)&&(manual_state==1||manual_state==3))
  83              		.loc 1 26 27
  84 0048 072B     		cmp	r3, #7
  85 004a 0BD1     		bne	.L9
  27:./Core/Src/pedes_fsm.c **** 			) pedes_state = GREEN;
  86              		.loc 1 27 38
  87 004c 354B     		ldr	r3, .L22+12
  88 004e 1B68     		ldr	r3, [r3]
  27:./Core/Src/pedes_fsm.c **** 			) pedes_state = GREEN;
  89              		.loc 1 27 23
  90 0050 012B     		cmp	r3, #1
  91 0052 03D0     		beq	.L8
  27:./Core/Src/pedes_fsm.c **** 			) pedes_state = GREEN;
  92              		.loc 1 27 55 discriminator 1
  93 0054 334B     		ldr	r3, .L22+12
  94 0056 1B68     		ldr	r3, [r3]
  27:./Core/Src/pedes_fsm.c **** 			) pedes_state = GREEN;
  95              		.loc 1 27 41 discriminator 1
  96 0058 032B     		cmp	r3, #3
  97 005a 03D1     		bne	.L9
  98              	.L8:
  28:./Core/Src/pedes_fsm.c **** 			else pedes_state=RED;
ARM GAS  C:\Users\ADMINI~1\AppData\Local\Temp\ccz3SDPt.s 			page 4


  99              		.loc 1 28 18
 100 005c 2E4B     		ldr	r3, .L22
 101 005e 0C22     		movs	r2, #12
 102 0060 1A60     		str	r2, [r3]
  31:./Core/Src/pedes_fsm.c **** 	case GREEN:
 103              		.loc 1 31 3
 104 0062 51E0     		b	.L18
 105              	.L9:
  29:./Core/Src/pedes_fsm.c **** 		}
 106              		.loc 1 29 20
 107 0064 2C4B     		ldr	r3, .L22
 108 0066 0B22     		movs	r2, #11
 109 0068 1A60     		str	r2, [r3]
  31:./Core/Src/pedes_fsm.c **** 	case GREEN:
 110              		.loc 1 31 3
 111 006a 4DE0     		b	.L18
 112              	.L2:
  33:./Core/Src/pedes_fsm.c **** 		if(
 113              		.loc 1 33 3
 114 006c 0320     		movs	r0, #3
 115 006e FFF7FEFF 		bl	set_color_pedestrian_light
  35:./Core/Src/pedes_fsm.c **** 			(state==SETTING_GREEN)||
 116              		.loc 1 35 10
 117 0072 2A4B     		ldr	r3, .L22+4
 118 0074 1B68     		ldr	r3, [r3]
  34:./Core/Src/pedes_fsm.c **** 			(state==AUTO_GREEN)||
 119              		.loc 1 34 5
 120 0076 022B     		cmp	r3, #2
 121 0078 0BD0     		beq	.L11
  36:./Core/Src/pedes_fsm.c **** 			(state==MANUAL&&manual_state==2)
 122              		.loc 1 36 10
 123 007a 284B     		ldr	r3, .L22+4
 124 007c 1B68     		ldr	r3, [r3]
  35:./Core/Src/pedes_fsm.c **** 			(state==SETTING_GREEN)||
 125              		.loc 1 35 23
 126 007e 052B     		cmp	r3, #5
 127 0080 07D0     		beq	.L11
  37:./Core/Src/pedes_fsm.c **** 		) {
 128              		.loc 1 37 10
 129 0082 264B     		ldr	r3, .L22+4
 130 0084 1B68     		ldr	r3, [r3]
  36:./Core/Src/pedes_fsm.c **** 			(state==MANUAL&&manual_state==2)
 131              		.loc 1 36 26
 132 0086 072B     		cmp	r3, #7
 133 0088 0AD1     		bne	.L12
  37:./Core/Src/pedes_fsm.c **** 		) {
 134              		.loc 1 37 32
 135 008a 264B     		ldr	r3, .L22+12
 136 008c 1B68     		ldr	r3, [r3]
  37:./Core/Src/pedes_fsm.c **** 		) {
 137              		.loc 1 37 18
 138 008e 022B     		cmp	r3, #2
 139 0090 06D1     		bne	.L12
 140              	.L11:
  39:./Core/Src/pedes_fsm.c **** 			__HAL_TIM_SetCompare (&htim3,TIM_CHANNEL_1, 0);
 141              		.loc 1 39 15
 142 0092 214B     		ldr	r3, .L22
ARM GAS  C:\Users\ADMINI~1\AppData\Local\Temp\ccz3SDPt.s 			page 5


 143 0094 0A22     		movs	r2, #10
 144 0096 1A60     		str	r2, [r3]
  40:./Core/Src/pedes_fsm.c **** 		}
 145              		.loc 1 40 4
 146 0098 234B     		ldr	r3, .L22+16
 147 009a 1B68     		ldr	r3, [r3]
 148 009c 0022     		movs	r2, #0
 149 009e 5A63     		str	r2, [r3, #52]
 150              	.L12:
  44:./Core/Src/pedes_fsm.c **** //			  setTimer3(10);
 151              		.loc 1 44 21
 152 00a0 1D4B     		ldr	r3, .L22
 153 00a2 1B68     		ldr	r3, [r3]
  44:./Core/Src/pedes_fsm.c **** //			  setTimer3(10);
 154              		.loc 1 44 9
 155 00a4 0C2B     		cmp	r3, #12
 156 00a6 31D1     		bne	.L19
  44:./Core/Src/pedes_fsm.c **** //			  setTimer3(10);
 157              		.loc 1 44 30 discriminator 1
 158 00a8 1D4B     		ldr	r3, .L22+8
 159 00aa 1B68     		ldr	r3, [r3]
 160 00ac 6422     		movs	r2, #100
 161 00ae 02FB03F2 		mul	r2, r2, r3
 162 00b2 1E4B     		ldr	r3, .L22+20
 163 00b4 1B68     		ldr	r3, [r3]
 164 00b6 92FBF3F3 		sdiv	r3, r2, r3
 165 00ba C3F16402 		rsb	r2, r3, #100
 166 00be 1A4B     		ldr	r3, .L22+16
 167 00c0 1B68     		ldr	r3, [r3]
 168 00c2 5A63     		str	r2, [r3, #52]
  47:./Core/Src/pedes_fsm.c **** 	case RED:
 169              		.loc 1 47 3 discriminator 1
 170 00c4 22E0     		b	.L19
 171              	.L5:
  49:./Core/Src/pedes_fsm.c **** 		if(
 172              		.loc 1 49 3
 173 00c6 0120     		movs	r0, #1
 174 00c8 FFF7FEFF 		bl	set_color_pedestrian_light
  51:./Core/Src/pedes_fsm.c **** 			||state==SETTING_RED
 175              		.loc 1 51 10
 176 00cc 134B     		ldr	r3, .L22+4
 177 00ce 1B68     		ldr	r3, [r3]
  50:./Core/Src/pedes_fsm.c **** 			(state==AUTO_RED&&counter1>=3)
 178              		.loc 1 50 5
 179 00d0 012B     		cmp	r3, #1
 180 00d2 03D1     		bne	.L14
  51:./Core/Src/pedes_fsm.c **** 			||state==SETTING_RED
 181              		.loc 1 51 30
 182 00d4 124B     		ldr	r3, .L22+8
 183 00d6 1B68     		ldr	r3, [r3]
  51:./Core/Src/pedes_fsm.c **** 			||state==SETTING_RED
 184              		.loc 1 51 20
 185 00d8 022B     		cmp	r3, #2
 186 00da 0FDC     		bgt	.L15
 187              	.L14:
  52:./Core/Src/pedes_fsm.c **** 			||((state==MANUAL)&&(manual_state==1||manual_state==3))
 188              		.loc 1 52 11
ARM GAS  C:\Users\ADMINI~1\AppData\Local\Temp\ccz3SDPt.s 			page 6


 189 00dc 0F4B     		ldr	r3, .L22+4
 190 00de 1B68     		ldr	r3, [r3]
  52:./Core/Src/pedes_fsm.c **** 			||((state==MANUAL)&&(manual_state==1||manual_state==3))
 191              		.loc 1 52 4
 192 00e0 042B     		cmp	r3, #4
 193 00e2 0BD0     		beq	.L15
  53:./Core/Src/pedes_fsm.c **** 		) pedes_state = GREEN;
 194              		.loc 1 53 13
 195 00e4 0D4B     		ldr	r3, .L22+4
 196 00e6 1B68     		ldr	r3, [r3]
  53:./Core/Src/pedes_fsm.c **** 		) pedes_state = GREEN;
 197              		.loc 1 53 4
 198 00e8 072B     		cmp	r3, #7
 199 00ea 11D1     		bne	.L20
  53:./Core/Src/pedes_fsm.c **** 		) pedes_state = GREEN;
 200              		.loc 1 53 37 discriminator 1
 201 00ec 0D4B     		ldr	r3, .L22+12
 202 00ee 1B68     		ldr	r3, [r3]
  53:./Core/Src/pedes_fsm.c **** 		) pedes_state = GREEN;
 203              		.loc 1 53 22 discriminator 1
 204 00f0 012B     		cmp	r3, #1
 205 00f2 03D0     		beq	.L15
  53:./Core/Src/pedes_fsm.c **** 		) pedes_state = GREEN;
 206              		.loc 1 53 54 discriminator 2
 207 00f4 0B4B     		ldr	r3, .L22+12
 208 00f6 1B68     		ldr	r3, [r3]
  53:./Core/Src/pedes_fsm.c **** 		) pedes_state = GREEN;
 209              		.loc 1 53 40 discriminator 2
 210 00f8 032B     		cmp	r3, #3
 211 00fa 09D1     		bne	.L20
 212              	.L15:
  54:./Core/Src/pedes_fsm.c **** 
 213              		.loc 1 54 17
 214 00fc 064B     		ldr	r3, .L22
 215 00fe 0C22     		movs	r2, #12
 216 0100 1A60     		str	r2, [r3]
  56:./Core/Src/pedes_fsm.c **** 	default:
 217              		.loc 1 56 3
 218 0102 05E0     		b	.L20
 219              	.L17:
 220              		.loc 1 58 3
 221 0104 00BF     		nop
 222 0106 04E0     		b	.L21
 223              	.L18:
  31:./Core/Src/pedes_fsm.c **** 	case GREEN:
 224              		.loc 1 31 3
 225 0108 00BF     		nop
 226 010a 02E0     		b	.L21
 227              	.L19:
  47:./Core/Src/pedes_fsm.c **** 	case RED:
 228              		.loc 1 47 3
 229 010c 00BF     		nop
 230 010e 00E0     		b	.L21
 231              	.L20:
  56:./Core/Src/pedes_fsm.c **** 	default:
 232              		.loc 1 56 3
 233 0110 00BF     		nop
ARM GAS  C:\Users\ADMINI~1\AppData\Local\Temp\ccz3SDPt.s 			page 7


 234              	.L21:
  59:./Core/Src/pedes_fsm.c **** 	}
  60:./Core/Src/pedes_fsm.c **** }
 235              		.loc 1 60 1
 236 0112 00BF     		nop
 237 0114 80BD     		pop	{r7, pc}
 238              	.L23:
 239 0116 00BF     		.align	2
 240              	.L22:
 241 0118 00000000 		.word	pedes_state
 242 011c 00000000 		.word	state
 243 0120 00000000 		.word	counter1
 244 0124 00000000 		.word	manual_state
 245 0128 00000000 		.word	htim3
 246 012c 00000000 		.word	red_duration
 247              		.cfi_endproc
 248              	.LFE68:
 250              		.text
 251              	.Letext0:
 252              		.file 2 "c:\\st\\stm32cubeide_1.7.0\\stm32cubeide\\plugins\\com.st.stm32cube.ide.mcu.externaltools
 253              		.file 3 "c:\\st\\stm32cubeide_1.7.0\\stm32cubeide\\plugins\\com.st.stm32cube.ide.mcu.externaltools
 254              		.file 4 "Drivers/CMSIS/Include/core_cm3.h"
 255              		.file 5 "Drivers/CMSIS/Device/ST/STM32F1xx/Include/system_stm32f1xx.h"
 256              		.file 6 "Drivers/CMSIS/Device/ST/STM32F1xx/Include/stm32f103xb.h"
 257              		.file 7 "Drivers/STM32F1xx_HAL_Driver/Inc/stm32f1xx_hal_def.h"
 258              		.file 8 "Drivers/STM32F1xx_HAL_Driver/Inc/stm32f1xx_hal_dma.h"
 259              		.file 9 "Drivers/STM32F1xx_HAL_Driver/Inc/stm32f1xx_hal_tim.h"
 260              		.file 10 "Drivers/STM32F1xx_HAL_Driver/Inc/stm32f1xx_hal_uart.h"
 261              		.file 11 "Drivers/STM32F1xx_HAL_Driver/Inc/stm32f1xx_hal.h"
 262              		.file 12 "Core/Inc/global.h"
 263              		.file 13 "Core/Inc/input_reading.h"
 264              		.file 14 "Core/Inc/software_timer.h"
 265              		.file 15 "c:\\st\\stm32cubeide_1.7.0\\stm32cubeide\\plugins\\com.st.stm32cube.ide.mcu.externaltool
 266              		.file 16 "c:\\st\\stm32cubeide_1.7.0\\stm32cubeide\\plugins\\com.st.stm32cube.ide.mcu.externaltool
 267              		.file 17 "c:\\st\\stm32cubeide_1.7.0\\stm32cubeide\\plugins\\com.st.stm32cube.ide.mcu.externaltool
 268              		.file 18 "c:\\st\\stm32cubeide_1.7.0\\stm32cubeide\\plugins\\com.st.stm32cube.ide.mcu.externaltool
ARM GAS  C:\Users\ADMINI~1\AppData\Local\Temp\ccz3SDPt.s 			page 8


DEFINED SYMBOLS
                            *ABS*:0000000000000000 pedes_fsm.c
C:\Users\ADMINI~1\AppData\Local\Temp\ccz3SDPt.s:16     .text.pedestrian_fsm:0000000000000000 $t
C:\Users\ADMINI~1\AppData\Local\Temp\ccz3SDPt.s:24     .text.pedestrian_fsm:0000000000000000 pedestrian_fsm
C:\Users\ADMINI~1\AppData\Local\Temp\ccz3SDPt.s:241    .text.pedestrian_fsm:0000000000000118 $d
                           .group:0000000000000000 wm4.0.e890922d021f7fff2fbf219cb2b38f03
                           .group:0000000000000000 wm4.stm32f1xx_hal_conf.h.21.98635006afa9a018cfa5e0632ed4968b
                           .group:0000000000000000 wm4.stm32f1xx.h.39.208bb8a61c892b7c37d899c49a031330
                           .group:0000000000000000 wm4.stm32f103xb.h.38.ec967d5ad9d3269cb0788eebda048e38
                           .group:0000000000000000 wm4._newlib_version.h.4.1ef4e12f167f8b69d7c30054be56050d
                           .group:0000000000000000 wm4.features.h.33.318b64d71e0957639cfb30f1db1f7ec8
                           .group:0000000000000000 wm4._default_types.h.15.247e5cd201eca3442cbf5404108c4935
                           .group:0000000000000000 wm4._intsup.h.10.48bafbb683905c4daa4565a85aeeb264
                           .group:0000000000000000 wm4._stdint.h.10.c24fa3af3bc1706662bb5593a907e841
                           .group:0000000000000000 wm4.stdint.h.23.d53047a68f4a85177f80b422d52785ed
                           .group:0000000000000000 wm4.cmsis_version.h.32.4d5822004c01a829a975260e854b5f8e
                           .group:0000000000000000 wm4.core_cm3.h.66.fc46cac19810db8f98d67da7ef88f42c
                           .group:0000000000000000 wm4.cmsis_gcc.h.26.225e4f5469716fdeef823d1102f5b23e
                           .group:0000000000000000 wm4.core_cm3.h.127.f4474120f1a7524deb56f9d74ff175da
                           .group:0000000000000000 wm4.stm32f103xb.h.573.10249aa7473ca93be896fed94046a725
                           .group:0000000000000000 wm4.stm32f1xx.h.162.96b09079a093c34dbd7f0b85cbd0ddee
                           .group:0000000000000000 wm4.stm32_hal_legacy.h.23.91ba5b544a4c2be2620a1e7ff0049e10
                           .group:0000000000000000 wm4.stddef.h.39.144cf5ddcd53cbfdac30259dc1a6c87f
                           .group:0000000000000000 wm4.stm32f1xx_hal_def.h.57.18d01ce1aa74e9fb44dbf16f821a574a
                           .group:0000000000000000 wm4.stm32f1xx_hal_rcc.h.95.21591bbc513aaa813c0b8640c3b32517
                           .group:0000000000000000 wm4.stm32f1xx_hal_rcc_ex.h.22.8763f99bc1e3e2dcf0febe9161d81b37
                           .group:0000000000000000 wm4.stm32f1xx_hal_rcc.h.1202.f8e5f9e0cf4eef7840facf5396029056
                           .group:0000000000000000 wm4.stm32f1xx_hal_gpio.h.22.fa638d688dcc57ca806fe6a7831b0d04
                           .group:0000000000000000 wm4.stm32f1xx_hal_gpio_ex.h.22.51a50ef3512cd78017ce666a32d364bf
                           .group:0000000000000000 wm4.stm32f1xx_hal_gpio.h.263.f5ebf2f545ade59412ab9261c8e35dc4
                           .group:0000000000000000 wm4.stm32f1xx_hal_exti.h.22.e26491d042c8079c3ca67eca341af862
                           .group:0000000000000000 wm4.stm32f1xx_hal_dma.h.22.3c14338534886827bf3aeaa2a7f412a1
                           .group:0000000000000000 wm4.stm32f1xx_hal_dma_ex.h.22.001ac4d7f81ccbdcae49bd65c13858c8
                           .group:0000000000000000 wm4.stm32f1xx_hal_dma.h.409.cafcd2cfe701091535636be537c18293
                           .group:0000000000000000 wm4.stm32f1xx_hal_cortex.h.22.b5f4174bb6a50d95405567b8f50e0900
                           .group:0000000000000000 wm4.stm32f1xx_hal_flash.h.22.5cea9a7210e6315b41724b47b5fdf203
                           .group:0000000000000000 wm4.stm32f1xx_hal_flash_ex.h.22.d4e19c21f2a86fa2f8ec2c2d5f1ab2af
                           .group:0000000000000000 wm4.stm32f1xx_hal_pwr.h.22.3438c476faafc3240bf146f143df3fcd
                           .group:0000000000000000 wm4.stm32f1xx_hal_tim.h.22.a16e206564e97dbace9faae59a0d6008
                           .group:0000000000000000 wm4.stm32f1xx_hal_uart.h.22.5f7992e497faa36aa98f09f7214f4dbb
                           .group:0000000000000000 wm4.stm32f1xx_hal.h.88.91065c0692bed6019c34f1e9c00589fd
                           .group:0000000000000000 wm4.main.h.63.9319a86a6f0d78cb5bb2f8204a330e54
                           .group:0000000000000000 wm4.global.h.14.067c4405627241605fc2a2869313e01e
                           .group:0000000000000000 wm4.hardware_layer.h.9.cb1b7531ddee951582f588d03a2c24a6
                           .group:0000000000000000 wm4.input_reading.h.9.a013ca3645af8a0d58d52489a2fa9d43
                           .group:0000000000000000 wm4.software_timer.h.9.6bf986ebefe70bdf196105c9c027c70a
                           .group:0000000000000000 wm4.newlib.h.8.7cb3972cd43265932d4782d5eb589854
                           .group:0000000000000000 wm4.ieeefp.h.77.f33a4dce62116f6f5175ff8bae57a54c
                           .group:0000000000000000 wm4.config.h.224.c701144a7b0518c6ee9b9b5465b79f81
                           .group:0000000000000000 wm4._ansi.h.31.de524f58584151836e90d8620a16f8e8
                           .group:0000000000000000 wm4.stdio.h.31.7c0e28c411445f3f9c5b11accf882760
                           .group:0000000000000000 wm4.stddef.h.155.ba788add86a0e365f264484f110c3c29
                           .group:0000000000000000 wm4.cdefs.h.49.75c8cf0da02add7669d4e6b77e254feb
                           .group:0000000000000000 wm4.stdarg.h.34.3a23a216c0c293b3d2ea2e89281481e6
                           .group:0000000000000000 wm4._types.h.20.dd0d04dca3800a0d2a6129b87f3adbb2
                           .group:0000000000000000 wm4.stddef.h.155.3588ebfdd1e8c7ede80509bb9c3b8009
                           .group:0000000000000000 wm4._types.h.127.34941de1b2539d59d5cac00e0dd27a45
ARM GAS  C:\Users\ADMINI~1\AppData\Local\Temp\ccz3SDPt.s 			page 9


                           .group:0000000000000000 wm4.reent.h.17.e292bf8b0bec6c96e131a54347145a30
                           .group:0000000000000000 wm4.lock.h.2.1461d1fff82dffe8bfddc23307f6484f
                           .group:0000000000000000 wm4.reent.h.77.dcd6129ff07fe81bd5636db29abe53b2
                           .group:0000000000000000 wm4.types.h.40.8b6acba56cefbb11746718204edc8f5e
                           .group:0000000000000000 wm4._endian.h.31.65a10590763c3dde1ac4a7f66d7d4891
                           .group:0000000000000000 wm4.endian.h.9.49f3a4695c1b61e8a0808de3c4a106cb
                           .group:0000000000000000 wm4._timeval.h.32.bec3221fa7a9bb0bdde696c9c57e47d2
                           .group:0000000000000000 wm4.timespec.h.41.d855182eb0e690443ab8651bcedca6e1
                           .group:0000000000000000 wm4.select.h.19.97ca6fd0c752a0f3b6719fd314d361e6
                           .group:0000000000000000 wm4.types.h.51.5571ec98f267d17d3c670b7a3ba33afa
                           .group:0000000000000000 wm4.sched.h.22.c60982713a5c428609783c78f9c78d95
                           .group:0000000000000000 wm4._pthreadtypes.h.36.fcee9961c35163dde6267ef772ad1972
                           .group:0000000000000000 wm4.stdio.h.2.4aa87247282eca6c8f36f9de33d8df1a
                           .group:0000000000000000 wm4.stdio.h.81.932d0c162786b883f622b8d05c120c78

UNDEFINED SYMBOLS
set_color_pedestrian_light
is_button_pressed
pedes_state
state
counter1
manual_state
htim3
red_duration
